{"name": "test_verify_Credkart_url_001", "status": "failed", "statusDetails": {"message": "AssertionError: assert False", "trace": "self = <testCases.test_Credkart_User_Profile_001.Test_User_Profile object at 0x00000255EF01E660>\n\n    @allure.title(\"test_verify_Credkart_url_001\")\n    @allure.severity(allure.severity_level.CRITICAL)\n    @allure.epic(\"Epic: Userprofile\")\n    @allure.description(\"This testcases is to validate CredKart website title\")\n    @allure.link(login_url)\n    @allure.issue(\"title verification\")\n    @allure.story(\"CredKart : User login\")\n    @pytest.mark.smoke\n    @pytest.mark.flaky(reruns=1, rerun_delay=1)\n    @pytest.mark.dependency(name = \"test_verify_Credkart_url_001\")\n    @pytest.mark.order(1)\n    def test_verify_Credkart_url_001(self):\n        # self.log.debug(\"This is debug log\")\n        # self.log.info(\"This is info log\")\n        # self.log.warning(\"This is warning log\")\n        # self.log.error(\"This is error log\")\n        # self.log.critical(\"This is critical log\")\n        self.log.info(\"Testcase test_verify_Credkart_url_001 is started\")\n        self.driver.get(self.login_url)\n        self.log.info(f\"Opening browser and getting {self.login_url}\")\n        self.log.info(f\"Checking driver title\")\n        if self.driver.title == \"CredKart1\":\n            self.log.info(f\"Testcase test_verify_Credkart_url_001 is passed\")\n            self.log.info(f\"Taking screenshot\")\n            self.driver.save_screenshot(\".\\\\Screenshots\\\\test_verify_Credkart_url_001_pass.png\")\n            allure.attach.file(\".\\\\Screenshots\\\\test_verify_Credkart_url_001_pass.png\" , attachment_type = allure.attachment_type.PNG)\n        else:\n            self.log.info(f\"Testcase test_verify_Credkart_url_001 is failed\")\n            self.log.info(f\"Taking screenshot\")\n            self.driver.save_screenshot(\".\\\\Screenshots\\\\test_verify_Credkart_url_001_fail.png\")\n            allure.attach.file(\".\\\\Screenshots\\\\test_verify_Credkart_url_001_fail.png\",\n                               attachment_type=allure.attachment_type.PNG\n                               )\n>           assert False\nE           assert False\n\ntestCases\\test_Credkart_User_Profile_001.py:82: AssertionError"}, "description": "This testcases is to validate CredKart website title", "attachments": [{"source": "a44a818b-370a-4de3-8d84-4106308d1825-attachment.png", "type": "image/png"}, {"name": "log", "source": "f1c5db0f-664e-40ee-bfae-7079f0719d2c-attachment.txt", "type": "text/plain"}], "start": 1769829517725, "stop": 1769829521405, "uuid": "b3589433-a94f-48fa-be24-96563f22dd4a", "historyId": "10261be2fdb6fd364bea2fbe21a85f3d", "testCaseId": "10261be2fdb6fd364bea2fbe21a85f3d", "fullName": "testCases.test_Credkart_User_Profile_001.Test_User_Profile#test_verify_Credkart_url_001", "labels": [{"name": "story", "value": "CredKart : User login"}, {"name": "epic", "value": "Epic: Userprofile"}, {"name": "severity", "value": "critical"}, {"name": "tag", "value": "order(1)"}, {"name": "tag", "value": "dependency(name='test_verify_Credkart_url_001')"}, {"name": "tag", "value": "flaky(reruns=1, rerun_delay=1)"}, {"name": "tag", "value": "smoke"}, {"name": "tag", "value": "@pytest.mark.usefixtures('browser_setup')"}, {"name": "parentSuite", "value": "testCases"}, {"name": "suite", "value": "test_Credkart_User_Profile_001"}, {"name": "subSuite", "value": "Test_User_Profile"}, {"name": "host", "value": "Credence-Pc"}, {"name": "thread", "value": "4496-MainThread"}, {"name": "framework", "value": "pytest"}, {"name": "language", "value": "cpython3"}, {"name": "package", "value": "testCases.test_Credkart_User_Profile_001"}], "links": [{"type": "issue", "url": "title verification", "name": "title verification"}, {"type": "link", "url": "https://automation.credence.in/login", "name": "https://automation.credence.in/login"}]}