{"uid":"3f6c1af0adc6aaaf","name":"test_verify_Credkart_url_001","fullName":"testCases.test_Credkart_User_Profile_001.Test_User_Profile#test_verify_Credkart_url_001","historyId":"10261be2fdb6fd364bea2fbe21a85f3d","time":{"start":1769829523041,"stop":1769829523874,"duration":833},"description":"This testcases is to validate CredKart website title","descriptionHtml":"<p>This testcases is to validate CredKart website title</p>\n","status":"failed","statusMessage":"AssertionError: assert False","statusTrace":"self = <testCases.test_Credkart_User_Profile_001.Test_User_Profile object at 0x00000255EF01E660>\n\n    @allure.title(\"test_verify_Credkart_url_001\")\n    @allure.severity(allure.severity_level.CRITICAL)\n    @allure.epic(\"Epic: Userprofile\")\n    @allure.description(\"This testcases is to validate CredKart website title\")\n    @allure.link(login_url)\n    @allure.issue(\"title verification\")\n    @allure.story(\"CredKart : User login\")\n    @pytest.mark.smoke\n    @pytest.mark.flaky(reruns=1, rerun_delay=1)\n    @pytest.mark.dependency(name = \"test_verify_Credkart_url_001\")\n    @pytest.mark.order(1)\n    def test_verify_Credkart_url_001(self):\n        # self.log.debug(\"This is debug log\")\n        # self.log.info(\"This is info log\")\n        # self.log.warning(\"This is warning log\")\n        # self.log.error(\"This is error log\")\n        # self.log.critical(\"This is critical log\")\n        self.log.info(\"Testcase test_verify_Credkart_url_001 is started\")\n        self.driver.get(self.login_url)\n        self.log.info(f\"Opening browser and getting {self.login_url}\")\n        self.log.info(f\"Checking driver title\")\n        if self.driver.title == \"CredKart1\":\n            self.log.info(f\"Testcase test_verify_Credkart_url_001 is passed\")\n            self.log.info(f\"Taking screenshot\")\n            self.driver.save_screenshot(\".\\\\Screenshots\\\\test_verify_Credkart_url_001_pass.png\")\n            allure.attach.file(\".\\\\Screenshots\\\\test_verify_Credkart_url_001_pass.png\" , attachment_type = allure.attachment_type.PNG)\n        else:\n            self.log.info(f\"Testcase test_verify_Credkart_url_001 is failed\")\n            self.log.info(f\"Taking screenshot\")\n            self.driver.save_screenshot(\".\\\\Screenshots\\\\test_verify_Credkart_url_001_fail.png\")\n            allure.attach.file(\".\\\\Screenshots\\\\test_verify_Credkart_url_001_fail.png\",\n                               attachment_type=allure.attachment_type.PNG\n                               )\n>           assert False\nE           assert False\n\ntestCases\\test_Credkart_User_Profile_001.py:82: AssertionError","flaky":false,"newFailed":true,"newBroken":false,"newPassed":false,"retriesCount":3,"retriesStatusChange":true,"beforeStages":[{"name":"_session_faker","time":{"start":1769829501945,"stop":1769829502245,"duration":300},"status":"passed","steps":[],"attachments":[],"parameters":[],"shouldDisplayMessage":false,"attachmentsCount":0,"stepsCount":0,"attachmentStep":false,"hasContent":false},{"name":"browser_setup","time":{"start":1769829502246,"stop":1769829517723,"duration":15477},"status":"passed","steps":[],"attachments":[],"parameters":[],"shouldDisplayMessage":false,"attachmentsCount":0,"stepsCount":0,"attachmentStep":false,"hasContent":false}],"testStage":{"description":"This testcases is to validate CredKart website title","status":"failed","statusMessage":"AssertionError: assert False","statusTrace":"self = <testCases.test_Credkart_User_Profile_001.Test_User_Profile object at 0x00000255EF01E660>\n\n    @allure.title(\"test_verify_Credkart_url_001\")\n    @allure.severity(allure.severity_level.CRITICAL)\n    @allure.epic(\"Epic: Userprofile\")\n    @allure.description(\"This testcases is to validate CredKart website title\")\n    @allure.link(login_url)\n    @allure.issue(\"title verification\")\n    @allure.story(\"CredKart : User login\")\n    @pytest.mark.smoke\n    @pytest.mark.flaky(reruns=1, rerun_delay=1)\n    @pytest.mark.dependency(name = \"test_verify_Credkart_url_001\")\n    @pytest.mark.order(1)\n    def test_verify_Credkart_url_001(self):\n        # self.log.debug(\"This is debug log\")\n        # self.log.info(\"This is info log\")\n        # self.log.warning(\"This is warning log\")\n        # self.log.error(\"This is error log\")\n        # self.log.critical(\"This is critical log\")\n        self.log.info(\"Testcase test_verify_Credkart_url_001 is started\")\n        self.driver.get(self.login_url)\n        self.log.info(f\"Opening browser and getting {self.login_url}\")\n        self.log.info(f\"Checking driver title\")\n        if self.driver.title == \"CredKart1\":\n            self.log.info(f\"Testcase test_verify_Credkart_url_001 is passed\")\n            self.log.info(f\"Taking screenshot\")\n            self.driver.save_screenshot(\".\\\\Screenshots\\\\test_verify_Credkart_url_001_pass.png\")\n            allure.attach.file(\".\\\\Screenshots\\\\test_verify_Credkart_url_001_pass.png\" , attachment_type = allure.attachment_type.PNG)\n        else:\n            self.log.info(f\"Testcase test_verify_Credkart_url_001 is failed\")\n            self.log.info(f\"Taking screenshot\")\n            self.driver.save_screenshot(\".\\\\Screenshots\\\\test_verify_Credkart_url_001_fail.png\")\n            allure.attach.file(\".\\\\Screenshots\\\\test_verify_Credkart_url_001_fail.png\",\n                               attachment_type=allure.attachment_type.PNG\n                               )\n>           assert False\nE           assert False\n\ntestCases\\test_Credkart_User_Profile_001.py:82: AssertionError","steps":[],"attachments":[{"uid":"bd09a8ec2c5e99d5","name":"9ff8cd24-6ca3-47e3-b24c-126f6b4824ad-attachment.png","source":"bd09a8ec2c5e99d5.png","type":"image/png","size":37001},{"uid":"2b98864c8bd381f","name":"log","source":"2b98864c8bd381f.txt","type":"text/plain","size":1003}],"parameters":[],"shouldDisplayMessage":true,"attachmentsCount":2,"stepsCount":0,"attachmentStep":false,"hasContent":true},"afterStages":[{"name":"browser_setup::0","time":{"start":1769829523915,"stop":1769829529696,"duration":5781},"status":"passed","steps":[],"attachments":[],"parameters":[],"shouldDisplayMessage":false,"attachmentsCount":0,"stepsCount":0,"attachmentStep":false,"hasContent":false}],"labels":[{"name":"story","value":"CredKart : User login"},{"name":"epic","value":"Epic: Userprofile"},{"name":"severity","value":"critical"},{"name":"tag","value":"order(1)"},{"name":"tag","value":"dependency(name='test_verify_Credkart_url_001')"},{"name":"tag","value":"flaky(reruns=1, rerun_delay=1)"},{"name":"tag","value":"smoke"},{"name":"tag","value":"@pytest.mark.usefixtures('browser_setup')"},{"name":"parentSuite","value":"testCases"},{"name":"suite","value":"test_Credkart_User_Profile_001"},{"name":"subSuite","value":"Test_User_Profile"},{"name":"host","value":"Credence-Pc"},{"name":"thread","value":"4496-MainThread"},{"name":"framework","value":"pytest"},{"name":"language","value":"cpython3"},{"name":"package","value":"testCases.test_Credkart_User_Profile_001"},{"name":"resultFormat","value":"allure2"}],"parameters":[],"links":[{"name":"title verification","url":"title verification","type":"issue"},{"name":"https://automation.credence.in/login","url":"https://automation.credence.in/login","type":"link"}],"hidden":false,"retry":false,"extra":{"severity":"critical","retries":[{"uid":"265fe8e129ad8eec","status":"failed","statusDetails":"AssertionError: assert False","time":{"start":1769829517725,"stop":1769829521405,"duration":3680}},{"uid":"b2b3b26c4c754e6d","status":"passed","time":{"start":1769829388375,"stop":1769829391390,"duration":3015}},{"uid":"eea455c408f0bb6b","status":"passed","time":{"start":1769829268874,"stop":1769829271240,"duration":2366}}],"categories":[{"name":"Product defects","matchedStatuses":[]}],"history":{"statistic":{"failed":1,"broken":0,"skipped":0,"passed":2,"unknown":0,"total":3},"items":[{"uid":"3f94d66fd2aa4a46","reportUrl":"http://localhost:9090/job/Project%20Jan%202026%20-%20CredKart/9/allure/#testresult/3f94d66fd2aa4a46","status":"passed","time":{"start":1769829388375,"stop":1769829391390,"duration":3015}},{"uid":"b84905e847249c21","reportUrl":"http://localhost:9090/job/Project%20Jan%202026%20-%20CredKart/8/allure/#testresult/b84905e847249c21","status":"passed","time":{"start":1769829268874,"stop":1769829271240,"duration":2366}}]},"tags":["order(1)","@pytest.mark.usefixtures('browser_setup')","dependency(name='test_verify_Credkart_url_001')","flaky(reruns=1, rerun_delay=1)","smoke"]},"source":"3f6c1af0adc6aaaf.json","parameterValues":[]}